{"level":"info","message":"Server running on port 4000","timestamp":"2024-12-25T08:20:13.184Z"}
{"level":"error","message":"MongoDB connection error: connect ECONNREFUSED ::1:27017, connect ECONNREFUSED 127.0.0.1:27017","reason":{"commonWireVersion":0,"compatible":true,"heartbeatFrequencyMS":10000,"localThresholdMS":15,"logicalSessionTimeoutMinutes":null,"maxElectionId":null,"maxSetVersion":null,"servers":{},"setName":null,"stale":false,"type":"Unknown"},"stack":"MongooseServerSelectionError: connect ECONNREFUSED ::1:27017, connect ECONNREFUSED 127.0.0.1:27017\n    at _handleConnectionErrors (/Users/baolamabcd/Workspace/migaochubaoloc/backend/node_modules/mongoose/lib/connection.js:816:11)\n    at NativeConnection.openUri (/Users/baolamabcd/Workspace/migaochubaoloc/backend/node_modules/mongoose/lib/connection.js:791:11)\n    at runNextTicks (node:internal/process/task_queues:65:5)\n    at listOnTimeout (node:internal/timers:575:9)\n    at processTimers (node:internal/timers:549:7)","timestamp":"2024-12-25T08:20:43.190Z"}
{"level":"info","message":"Server running on port 4000","timestamp":"2024-12-25T08:21:10.074Z"}
{"level":"info","message":"POST /api/auth/register - 2024-12-25T08:21:16.133Z","timestamp":"2024-12-25T08:21:16.133Z"}
{"level":"info","message":"POST /api/auth/register - 2024-12-25T08:21:32.127Z","timestamp":"2024-12-25T08:21:32.127Z"}
{"level":"error","message":"MongoDB connection error: connect ECONNREFUSED ::1:27017, connect ECONNREFUSED 127.0.0.1:27017","reason":{"commonWireVersion":0,"compatible":true,"heartbeatFrequencyMS":10000,"localThresholdMS":15,"logicalSessionTimeoutMinutes":null,"maxElectionId":null,"maxSetVersion":null,"servers":{},"setName":null,"stale":false,"type":"Unknown"},"stack":"MongooseServerSelectionError: connect ECONNREFUSED ::1:27017, connect ECONNREFUSED 127.0.0.1:27017\n    at _handleConnectionErrors (/Users/baolamabcd/Workspace/migaochubaoloc/backend/node_modules/mongoose/lib/connection.js:816:11)\n    at NativeConnection.openUri (/Users/baolamabcd/Workspace/migaochubaoloc/backend/node_modules/mongoose/lib/connection.js:791:11)\n    at runNextTicks (node:internal/process/task_queues:65:5)\n    at listOnTimeout (node:internal/timers:575:9)\n    at processTimers (node:internal/timers:549:7)","timestamp":"2024-12-25T08:21:40.076Z"}
{"level":"info","message":"Server running on port 4000","timestamp":"2024-12-25T08:22:15.208Z"}
{"level":"info","message":"POST /api/auth/register - 2024-12-25T08:22:16.581Z","timestamp":"2024-12-25T08:22:16.582Z"}
{"level":"error","message":"MongoDB connection error: connect ECONNREFUSED ::1:27017, connect ECONNREFUSED 127.0.0.1:27017","reason":{"commonWireVersion":0,"compatible":true,"heartbeatFrequencyMS":10000,"localThresholdMS":15,"logicalSessionTimeoutMinutes":null,"maxElectionId":null,"maxSetVersion":null,"servers":{},"setName":null,"stale":false,"type":"Unknown"},"stack":"MongooseServerSelectionError: connect ECONNREFUSED ::1:27017, connect ECONNREFUSED 127.0.0.1:27017\n    at _handleConnectionErrors (/Users/baolamabcd/Workspace/migaochubaoloc/backend/node_modules/mongoose/lib/connection.js:816:11)\n    at NativeConnection.openUri (/Users/baolamabcd/Workspace/migaochubaoloc/backend/node_modules/mongoose/lib/connection.js:791:11)\n    at runNextTicks (node:internal/process/task_queues:65:5)\n    at listOnTimeout (node:internal/timers:575:9)\n    at processTimers (node:internal/timers:549:7)","timestamp":"2024-12-25T08:22:45.214Z"}
{"level":"info","message":"Server running on port 4000","timestamp":"2024-12-25T08:23:28.748Z"}
{"level":"error","message":"MongoDB connection error: connect ECONNREFUSED ::1:27017, connect ECONNREFUSED 127.0.0.1:27017","reason":{"commonWireVersion":0,"compatible":true,"heartbeatFrequencyMS":10000,"localThresholdMS":15,"logicalSessionTimeoutMinutes":null,"maxElectionId":null,"maxSetVersion":null,"servers":{},"setName":null,"stale":false,"type":"Unknown"},"stack":"MongooseServerSelectionError: connect ECONNREFUSED ::1:27017, connect ECONNREFUSED 127.0.0.1:27017\n    at _handleConnectionErrors (/Users/baolamabcd/Workspace/migaochubaoloc/backend/node_modules/mongoose/lib/connection.js:816:11)\n    at NativeConnection.openUri (/Users/baolamabcd/Workspace/migaochubaoloc/backend/node_modules/mongoose/lib/connection.js:791:11)\n    at runNextTicks (node:internal/process/task_queues:65:5)\n    at listOnTimeout (node:internal/timers:575:9)\n    at processTimers (node:internal/timers:549:7)","timestamp":"2024-12-25T08:23:58.751Z"}
{"level":"info","message":"Server running on port 4000","timestamp":"2024-12-25T08:26:50.784Z"}
{"level":"info","message":"POST /api/auth/register - 2024-12-25T08:26:55.634Z","timestamp":"2024-12-25T08:26:55.634Z"}
{"level":"error","message":"MongoDB connection error: connect ECONNREFUSED ::1:27017, connect ECONNREFUSED 127.0.0.1:27017","reason":{"commonWireVersion":0,"compatible":true,"heartbeatFrequencyMS":10000,"localThresholdMS":15,"logicalSessionTimeoutMinutes":null,"maxElectionId":null,"maxSetVersion":null,"servers":{},"setName":null,"stale":false,"type":"Unknown"},"stack":"MongooseServerSelectionError: connect ECONNREFUSED ::1:27017, connect ECONNREFUSED 127.0.0.1:27017\n    at _handleConnectionErrors (/Users/baolamabcd/Workspace/migaochubaoloc/backend/node_modules/mongoose/lib/connection.js:816:11)\n    at NativeConnection.openUri (/Users/baolamabcd/Workspace/migaochubaoloc/backend/node_modules/mongoose/lib/connection.js:791:11)\n    at runNextTicks (node:internal/process/task_queues:65:5)\n    at listOnTimeout (node:internal/timers:575:9)\n    at processTimers (node:internal/timers:549:7)","timestamp":"2024-12-25T08:27:20.788Z"}
{"level":"info","message":"Server running on port 4000","timestamp":"2024-12-25T08:27:42.527Z"}
{"level":"error","message":"MongoDB connection error: connect ECONNREFUSED ::1:27017, connect ECONNREFUSED 127.0.0.1:27017","reason":{"commonWireVersion":0,"compatible":true,"heartbeatFrequencyMS":10000,"localThresholdMS":15,"logicalSessionTimeoutMinutes":null,"maxElectionId":null,"maxSetVersion":null,"servers":{},"setName":null,"stale":false,"type":"Unknown"},"stack":"MongooseServerSelectionError: connect ECONNREFUSED ::1:27017, connect ECONNREFUSED 127.0.0.1:27017\n    at _handleConnectionErrors (/Users/baolamabcd/Workspace/migaochubaoloc/backend/node_modules/mongoose/lib/connection.js:816:11)\n    at NativeConnection.openUri (/Users/baolamabcd/Workspace/migaochubaoloc/backend/node_modules/mongoose/lib/connection.js:791:11)\n    at runNextTicks (node:internal/process/task_queues:65:5)\n    at listOnTimeout (node:internal/timers:575:9)\n    at processTimers (node:internal/timers:549:7)","timestamp":"2024-12-25T08:28:12.533Z"}
{"level":"info","message":"Server running on port 4000","timestamp":"2024-12-25T08:36:40.894Z"}
{"code":8000,"codeName":"AtlasError","connectionGeneration":0,"level":"error","message":"MongoDB connection error: bad auth : authentication failed","ok":0,"stack":"MongoServerError: bad auth : authentication failed\n    at Connection.onMessage (/Users/baolamabcd/Workspace/migaochubaoloc/backend/node_modules/mongoose/node_modules/mongodb/src/cmap/connection.ts:413:18)\n    at MessageStream.<anonymous> (/Users/baolamabcd/Workspace/migaochubaoloc/backend/node_modules/mongoose/node_modules/mongodb/src/cmap/connection.ts:243:56)\n    at MessageStream.emit (node:events:513:28)\n    at processIncomingData (/Users/baolamabcd/Workspace/migaochubaoloc/backend/node_modules/mongoose/node_modules/mongodb/src/cmap/message_stream.ts:193:12)\n    at MessageStream._write (/Users/baolamabcd/Workspace/migaochubaoloc/backend/node_modules/mongoose/node_modules/mongodb/src/cmap/message_stream.ts:74:5)\n    at writeOrBuffer (node:internal/streams/writable:570:12)\n    at _write (node:internal/streams/writable:499:10)\n    at MessageStream.Writable.write (node:internal/streams/writable:508:10)\n    at TLSSocket.ondata (node:internal/streams/readable:1007:22)\n    at TLSSocket.emit (node:events:513:28)","timestamp":"2024-12-25T08:36:41.738Z"}
{"level":"info","message":"Server running on port 4000","timestamp":"2024-12-25T08:36:46.066Z"}
{"code":8000,"codeName":"AtlasError","connectionGeneration":0,"level":"error","message":"MongoDB connection error: bad auth : authentication failed","ok":0,"stack":"MongoServerError: bad auth : authentication failed\n    at Connection.onMessage (/Users/baolamabcd/Workspace/migaochubaoloc/backend/node_modules/mongoose/node_modules/mongodb/src/cmap/connection.ts:413:18)\n    at MessageStream.<anonymous> (/Users/baolamabcd/Workspace/migaochubaoloc/backend/node_modules/mongoose/node_modules/mongodb/src/cmap/connection.ts:243:56)\n    at MessageStream.emit (node:events:513:28)\n    at processIncomingData (/Users/baolamabcd/Workspace/migaochubaoloc/backend/node_modules/mongoose/node_modules/mongodb/src/cmap/message_stream.ts:193:12)\n    at MessageStream._write (/Users/baolamabcd/Workspace/migaochubaoloc/backend/node_modules/mongoose/node_modules/mongodb/src/cmap/message_stream.ts:74:5)\n    at writeOrBuffer (node:internal/streams/writable:570:12)\n    at _write (node:internal/streams/writable:499:10)\n    at MessageStream.Writable.write (node:internal/streams/writable:508:10)\n    at TLSSocket.ondata (node:internal/streams/readable:1007:22)\n    at TLSSocket.emit (node:events:513:28)","timestamp":"2024-12-25T08:36:46.754Z"}
{"level":"info","message":"Server running on port 4000","timestamp":"2024-12-25T08:37:07.716Z"}
{"code":8000,"codeName":"AtlasError","connectionGeneration":0,"level":"error","message":"MongoDB connection error: bad auth : authentication failed","ok":0,"stack":"MongoServerError: bad auth : authentication failed\n    at Connection.onMessage (/Users/baolamabcd/Workspace/migaochubaoloc/backend/node_modules/mongoose/node_modules/mongodb/src/cmap/connection.ts:413:18)\n    at MessageStream.<anonymous> (/Users/baolamabcd/Workspace/migaochubaoloc/backend/node_modules/mongoose/node_modules/mongodb/src/cmap/connection.ts:243:56)\n    at MessageStream.emit (node:events:513:28)\n    at processIncomingData (/Users/baolamabcd/Workspace/migaochubaoloc/backend/node_modules/mongoose/node_modules/mongodb/src/cmap/message_stream.ts:193:12)\n    at MessageStream._write (/Users/baolamabcd/Workspace/migaochubaoloc/backend/node_modules/mongoose/node_modules/mongodb/src/cmap/message_stream.ts:74:5)\n    at writeOrBuffer (node:internal/streams/writable:570:12)\n    at _write (node:internal/streams/writable:499:10)\n    at MessageStream.Writable.write (node:internal/streams/writable:508:10)\n    at TLSSocket.ondata (node:internal/streams/readable:1007:22)\n    at TLSSocket.emit (node:events:513:28)","timestamp":"2024-12-25T08:37:08.395Z"}
{"level":"info","message":"Server running on port 4000","timestamp":"2024-12-25T08:38:14.296Z"}
{"code":8000,"codeName":"AtlasError","connectionGeneration":0,"level":"error","message":"MongoDB connection error: bad auth : authentication failed","ok":0,"stack":"MongoServerError: bad auth : authentication failed\n    at Connection.onMessage (/Users/baolamabcd/Workspace/migaochubaoloc/backend/node_modules/mongoose/node_modules/mongodb/src/cmap/connection.ts:413:18)\n    at MessageStream.<anonymous> (/Users/baolamabcd/Workspace/migaochubaoloc/backend/node_modules/mongoose/node_modules/mongodb/src/cmap/connection.ts:243:56)\n    at MessageStream.emit (node:events:513:28)\n    at processIncomingData (/Users/baolamabcd/Workspace/migaochubaoloc/backend/node_modules/mongoose/node_modules/mongodb/src/cmap/message_stream.ts:193:12)\n    at MessageStream._write (/Users/baolamabcd/Workspace/migaochubaoloc/backend/node_modules/mongoose/node_modules/mongodb/src/cmap/message_stream.ts:74:5)\n    at writeOrBuffer (node:internal/streams/writable:570:12)\n    at _write (node:internal/streams/writable:499:10)\n    at MessageStream.Writable.write (node:internal/streams/writable:508:10)\n    at TLSSocket.ondata (node:internal/streams/readable:1007:22)\n    at TLSSocket.emit (node:events:513:28)","timestamp":"2024-12-25T08:38:15.150Z"}
{"level":"info","message":"Server running on port 4000","timestamp":"2024-12-25T08:38:27.048Z"}
{"level":"info","message":"Connected to MongoDB","timestamp":"2024-12-25T08:38:27.858Z"}
{"level":"info","message":"POST /api/auth/register - 2024-12-25T08:38:33.036Z","timestamp":"2024-12-25T08:38:33.036Z"}
{"level":"info","message":"POST /api/auth/register - 2024-12-25T08:38:50.373Z","timestamp":"2024-12-25T08:38:50.373Z"}
{"level":"info","message":"SIGTERM received. Shutting down gracefully","timestamp":"2024-12-25T08:40:17.403Z"}
{"level":"info","message":"Process terminated","timestamp":"2024-12-25T08:40:17.407Z"}
{"level":"info","message":"Server running on port 4000","timestamp":"2024-12-25T08:40:23.095Z"}
{"level":"info","message":"Connected to MongoDB","timestamp":"2024-12-25T08:40:23.946Z"}
{"level":"info","message":"POST /api/auth/register - 2024-12-25T08:40:37.441Z","timestamp":"2024-12-25T08:40:37.441Z"}
{"level":"info","message":"POST /api/auth/register - 2024-12-25T08:40:39.790Z","timestamp":"2024-12-25T08:40:39.790Z"}
{"level":"info","message":"SIGTERM received. Shutting down gracefully","timestamp":"2024-12-25T08:41:15.518Z"}
{"level":"info","message":"Process terminated","timestamp":"2024-12-25T08:41:15.519Z"}
{"level":"info","message":"Server running on port 4000","timestamp":"2024-12-25T08:41:35.625Z"}
{"level":"info","message":"Connected to MongoDB","timestamp":"2024-12-25T08:41:36.372Z"}
{"level":"info","message":"POST /api/auth/register - 2024-12-25T08:41:43.951Z","timestamp":"2024-12-25T08:41:43.951Z"}
{"level":"info","message":"POST /api/auth/register - 2024-12-25T08:41:47.138Z","timestamp":"2024-12-25T08:41:47.138Z"}
{"level":"info","message":"SIGTERM received. Shutting down gracefully","timestamp":"2024-12-25T08:42:23.805Z"}
{"level":"info","message":"Process terminated","timestamp":"2024-12-25T08:42:23.806Z"}
{"level":"info","message":"Server running on port 4000","timestamp":"2024-12-25T08:42:58.846Z"}
{"level":"info","message":"Connected to MongoDB","timestamp":"2024-12-25T08:42:59.567Z"}
{"level":"info","message":"POST /api/auth/register - 2024-12-25T08:43:05.548Z","timestamp":"2024-12-25T08:43:05.548Z"}
{"level":"info","message":"POST /api/auth/register - 2024-12-25T08:43:07.282Z","timestamp":"2024-12-25T08:43:07.282Z"}
{"level":"info","message":"SIGTERM received. Shutting down gracefully","timestamp":"2024-12-25T08:43:58.054Z"}
{"level":"info","message":"Process terminated","timestamp":"2024-12-25T08:43:58.057Z"}
{"level":"info","message":"Server running on port 4000","timestamp":"2024-12-25T08:47:15.047Z"}
{"level":"info","message":"Connected to MongoDB","timestamp":"2024-12-25T08:47:15.831Z"}
{"level":"info","message":"POST /api/auth/register - 2024-12-25T08:47:22.516Z","timestamp":"2024-12-25T08:47:22.516Z"}
{"level":"info","message":"SIGTERM received. Shutting down gracefully","timestamp":"2024-12-25T08:48:27.088Z"}
{"level":"info","message":"Process terminated","timestamp":"2024-12-25T08:48:27.089Z"}
{"level":"info","message":"Server running on port 4000","timestamp":"2024-12-25T08:48:32.559Z"}
{"level":"info","message":"Connected to MongoDB","timestamp":"2024-12-25T08:48:33.393Z"}
{"level":"info","message":"POST /api/auth/register - 2024-12-25T08:48:42.784Z","timestamp":"2024-12-25T08:48:42.784Z"}
{"level":"info","message":"SIGTERM received. Shutting down gracefully","timestamp":"2024-12-25T08:49:24.781Z"}
{"level":"info","message":"Process terminated","timestamp":"2024-12-25T08:49:24.782Z"}
{"level":"info","message":"Server running on port 4000","timestamp":"2024-12-25T08:49:35.977Z"}
{"level":"info","message":"Connected to MongoDB","timestamp":"2024-12-25T08:49:36.719Z"}
{"level":"info","message":"POST /api/auth/register - 2024-12-25T08:49:54.452Z","timestamp":"2024-12-25T08:49:54.452Z"}
{"level":"info","message":"SIGTERM received. Shutting down gracefully","timestamp":"2024-12-25T08:50:21.800Z"}
{"level":"info","message":"Process terminated","timestamp":"2024-12-25T08:50:21.802Z"}
{"level":"info","message":"Server running on port 4000","timestamp":"2024-12-25T08:50:32.619Z"}
{"level":"info","message":"Connected to MongoDB","timestamp":"2024-12-25T08:50:33.414Z"}
{"level":"info","message":"POST /api/auth/register - 2024-12-25T08:50:36.710Z","timestamp":"2024-12-25T08:50:36.710Z"}
{"level":"info","message":"POST /api/auth/register - 2024-12-25T08:50:48.297Z","timestamp":"2024-12-25T08:50:48.298Z"}
{"level":"info","message":"SIGTERM received. Shutting down gracefully","timestamp":"2024-12-25T08:51:27.142Z"}
{"level":"info","message":"Process terminated","timestamp":"2024-12-25T08:51:27.148Z"}
{"level":"info","message":"Server running on port 4000","timestamp":"2024-12-25T08:51:44.067Z"}
{"level":"info","message":"Connected to MongoDB","timestamp":"2024-12-25T08:51:44.782Z"}
{"level":"info","message":"GET /health - 2024-12-25T08:51:45.571Z","timestamp":"2024-12-25T08:51:45.571Z"}
{"level":"info","message":"POST /api/auth/register - 2024-12-25T08:51:51.282Z","timestamp":"2024-12-25T08:51:51.282Z"}
{"level":"info","message":"SIGTERM received. Shutting down gracefully","timestamp":"2024-12-25T08:52:03.031Z"}
{"level":"info","message":"Process terminated","timestamp":"2024-12-25T08:52:03.032Z"}
{"level":"info","message":"Server running on port 4000","timestamp":"2024-12-25T08:52:19.267Z"}
{"level":"info","message":"Connected to MongoDB","timestamp":"2024-12-25T08:52:19.966Z"}
{"level":"info","message":"GET /health - 2024-12-25T08:52:38.551Z","timestamp":"2024-12-25T08:52:38.552Z"}
{"level":"info","message":"POST /api/auth/register - 2024-12-25T08:52:41.962Z","timestamp":"2024-12-25T08:52:41.962Z"}
{"level":"error","message":"Passwords do not match","path":"/api/auth/register","stack":"Error: Passwords do not match\n    at /Users/baolamabcd/Workspace/migaochubaoloc/backend/src/controllers/auth/auth.controller.ts:24:13\n    at /Users/baolamabcd/Workspace/migaochubaoloc/backend/src/utils/catchAsync.ts:5:21\n    at /Users/baolamabcd/Workspace/migaochubaoloc/backend/src/routes/auth.routes.ts:34:18\n    at Layer.handle [as handle_request] (/Users/baolamabcd/Workspace/migaochubaoloc/backend/node_modules/express/lib/router/layer.js:95:5)\n    at next (/Users/baolamabcd/Workspace/migaochubaoloc/backend/node_modules/express/lib/router/route.js:149:13)\n    at Route.dispatch (/Users/baolamabcd/Workspace/migaochubaoloc/backend/node_modules/express/lib/router/route.js:119:3)\n    at Layer.handle [as handle_request] (/Users/baolamabcd/Workspace/migaochubaoloc/backend/node_modules/express/lib/router/layer.js:95:5)\n    at /Users/baolamabcd/Workspace/migaochubaoloc/backend/node_modules/express/lib/router/index.js:284:15\n    at Function.process_params (/Users/baolamabcd/Workspace/migaochubaoloc/backend/node_modules/express/lib/router/index.js:346:12)\n    at next (/Users/baolamabcd/Workspace/migaochubaoloc/backend/node_modules/express/lib/router/index.js:280:10)","timestamp":"2024-12-25T08:52:41.968Z"}
{"level":"info","message":"POST /api/auth/register - 2024-12-25T08:52:48.965Z","timestamp":"2024-12-25T08:52:48.965Z"}
{"level":"info","message":"POST /api/auth/login - 2024-12-25T08:53:00.670Z","timestamp":"2024-12-25T08:53:00.670Z"}
{"level":"info","message":"User logged in successfully: Admin","timestamp":"2024-12-25T08:53:00.838Z"}
{"level":"info","message":"GET /api/auth/generate-invite - 2024-12-25T08:53:13.999Z","timestamp":"2024-12-25T08:53:13.999Z"}
{"level":"info","message":"New invite code generated: 6KQS1UBC","timestamp":"2024-12-25T08:53:14.119Z"}
{"level":"info","message":"GET /api/admin/invite-codes - 2024-12-25T08:53:35.958Z","timestamp":"2024-12-25T08:53:35.958Z"}
{"level":"info","message":"GET /api/admin/invite-codes/stats - 2024-12-25T08:53:48.498Z","timestamp":"2024-12-25T08:53:48.498Z"}
{"level":"info","message":"POST /api/auth/register - 2024-12-25T08:54:21.579Z","timestamp":"2024-12-25T08:54:21.579Z"}
{"level":"error","message":"Passwords do not match","path":"/api/auth/register","stack":"Error: Passwords do not match\n    at /Users/baolamabcd/Workspace/migaochubaoloc/backend/src/controllers/auth/auth.controller.ts:24:13\n    at /Users/baolamabcd/Workspace/migaochubaoloc/backend/src/utils/catchAsync.ts:5:21\n    at /Users/baolamabcd/Workspace/migaochubaoloc/backend/src/routes/auth.routes.ts:34:18\n    at Layer.handle [as handle_request] (/Users/baolamabcd/Workspace/migaochubaoloc/backend/node_modules/express/lib/router/layer.js:95:5)\n    at next (/Users/baolamabcd/Workspace/migaochubaoloc/backend/node_modules/express/lib/router/route.js:149:13)\n    at Route.dispatch (/Users/baolamabcd/Workspace/migaochubaoloc/backend/node_modules/express/lib/router/route.js:119:3)\n    at Layer.handle [as handle_request] (/Users/baolamabcd/Workspace/migaochubaoloc/backend/node_modules/express/lib/router/layer.js:95:5)\n    at /Users/baolamabcd/Workspace/migaochubaoloc/backend/node_modules/express/lib/router/index.js:284:15\n    at Function.process_params (/Users/baolamabcd/Workspace/migaochubaoloc/backend/node_modules/express/lib/router/index.js:346:12)\n    at next (/Users/baolamabcd/Workspace/migaochubaoloc/backend/node_modules/express/lib/router/index.js:280:10)","timestamp":"2024-12-25T08:54:21.584Z"}
{"level":"info","message":"POST /api/auth/register - 2024-12-25T08:54:24.751Z","timestamp":"2024-12-25T08:54:24.751Z"}
{"level":"info","message":"SIGTERM received. Shutting down gracefully","timestamp":"2024-12-25T08:57:42.172Z"}
{"level":"info","message":"Process terminated","timestamp":"2024-12-25T08:57:42.175Z"}
{"level":"info","message":"Server running on port 4000","timestamp":"2024-12-25T08:57:52.702Z"}
{"level":"info","message":"Connected to MongoDB","timestamp":"2024-12-25T08:57:53.717Z"}
{"level":"info","message":"POST /api/auth/register - 2024-12-25T08:58:29.279Z","timestamp":"2024-12-25T08:58:29.279Z"}
{"level":"error","message":"Invite code is required for non-admin users","path":"/api/auth/register","stack":"Error: Invite code is required for non-admin users\n    at /Users/baolamabcd/Workspace/migaochubaoloc/backend/src/controllers/auth/auth.controller.ts:65:15\n    at processTicksAndRejections (node:internal/process/task_queues:105:5)","timestamp":"2024-12-25T08:58:29.453Z"}
{"level":"info","message":"POST /api/auth/register - 2024-12-25T08:58:51.839Z","timestamp":"2024-12-25T08:58:51.839Z"}
{"level":"error","message":"Invalid or expired invite code","path":"/api/auth/register","stack":"Error: Invalid or expired invite code\n    at /Users/baolamabcd/Workspace/migaochubaoloc/backend/src/controllers/auth/auth.controller.ts:76:15\n    at processTicksAndRejections (node:internal/process/task_queues:105:5)","timestamp":"2024-12-25T08:58:52.061Z"}
{"level":"info","message":"POST /api/auth/login - 2024-12-25T08:58:58.824Z","timestamp":"2024-12-25T08:58:58.824Z"}
{"level":"info","message":"User logged in successfully: Admin","timestamp":"2024-12-25T08:58:58.977Z"}
{"level":"info","message":"GET /api/auth/generate-invite - 2024-12-25T08:59:08.738Z","timestamp":"2024-12-25T08:59:08.738Z"}
{"level":"info","message":"New invite code generated: 8HUDXI0A","timestamp":"2024-12-25T08:59:08.857Z"}
{"level":"info","message":"POST /api/auth/register - 2024-12-25T08:59:14.926Z","timestamp":"2024-12-25T08:59:14.926Z"}
{"level":"info","message":"GET /api/auth/generate-invite - 2024-12-25T08:59:31.215Z","timestamp":"2024-12-25T08:59:31.215Z"}
{"isOperational":true,"level":"error","message":"Admin middleware error: Not authorized as admin","stack":"Error: Not authorized as admin\n    at admin (/Users/baolamabcd/Workspace/migaochubaoloc/backend/src/middleware/auth.middleware.ts:55:13)\n    at Layer.handle [as handle_request] (/Users/baolamabcd/Workspace/migaochubaoloc/backend/node_modules/express/lib/router/layer.js:95:5)\n    at next (/Users/baolamabcd/Workspace/migaochubaoloc/backend/node_modules/express/lib/router/route.js:149:13)\n    at /Users/baolamabcd/Workspace/migaochubaoloc/backend/src/middleware/auth.middleware.ts:40:7\n    at processTicksAndRejections (node:internal/process/task_queues:105:5)","status":"fail","statusCode":403,"timestamp":"2024-12-25T08:59:31.276Z"}
{"level":"error","message":"Not authorized as admin","path":"/api/auth/generate-invite","stack":"Error: Not authorized as admin\n    at admin (/Users/baolamabcd/Workspace/migaochubaoloc/backend/src/middleware/auth.middleware.ts:55:13)\n    at Layer.handle [as handle_request] (/Users/baolamabcd/Workspace/migaochubaoloc/backend/node_modules/express/lib/router/layer.js:95:5)\n    at next (/Users/baolamabcd/Workspace/migaochubaoloc/backend/node_modules/express/lib/router/route.js:149:13)\n    at /Users/baolamabcd/Workspace/migaochubaoloc/backend/src/middleware/auth.middleware.ts:40:7\n    at processTicksAndRejections (node:internal/process/task_queues:105:5)","timestamp":"2024-12-25T08:59:31.277Z"}
{"level":"info","message":"GET /api/admin/users - 2024-12-25T09:00:03.982Z","timestamp":"2024-12-25T09:00:03.982Z"}
{"isOperational":true,"level":"error","message":"Admin middleware error: Not authorized as admin","stack":"Error: Not authorized as admin\n    at admin (/Users/baolamabcd/Workspace/migaochubaoloc/backend/src/middleware/auth.middleware.ts:55:13)\n    at Layer.handle [as handle_request] (/Users/baolamabcd/Workspace/migaochubaoloc/backend/node_modules/express/lib/router/layer.js:95:5)\n    at trim_prefix (/Users/baolamabcd/Workspace/migaochubaoloc/backend/node_modules/express/lib/router/index.js:328:13)\n    at /Users/baolamabcd/Workspace/migaochubaoloc/backend/node_modules/express/lib/router/index.js:286:9\n    at Function.process_params (/Users/baolamabcd/Workspace/migaochubaoloc/backend/node_modules/express/lib/router/index.js:346:12)\n    at next (/Users/baolamabcd/Workspace/migaochubaoloc/backend/node_modules/express/lib/router/index.js:280:10)\n    at /Users/baolamabcd/Workspace/migaochubaoloc/backend/src/middleware/auth.middleware.ts:40:7\n    at processTicksAndRejections (node:internal/process/task_queues:105:5)","status":"fail","statusCode":403,"timestamp":"2024-12-25T09:00:04.041Z"}
{"level":"error","message":"Not authorized as admin","path":"/api/admin/users","stack":"Error: Not authorized as admin\n    at admin (/Users/baolamabcd/Workspace/migaochubaoloc/backend/src/middleware/auth.middleware.ts:55:13)\n    at Layer.handle [as handle_request] (/Users/baolamabcd/Workspace/migaochubaoloc/backend/node_modules/express/lib/router/layer.js:95:5)\n    at trim_prefix (/Users/baolamabcd/Workspace/migaochubaoloc/backend/node_modules/express/lib/router/index.js:328:13)\n    at /Users/baolamabcd/Workspace/migaochubaoloc/backend/node_modules/express/lib/router/index.js:286:9\n    at Function.process_params (/Users/baolamabcd/Workspace/migaochubaoloc/backend/node_modules/express/lib/router/index.js:346:12)\n    at next (/Users/baolamabcd/Workspace/migaochubaoloc/backend/node_modules/express/lib/router/index.js:280:10)\n    at /Users/baolamabcd/Workspace/migaochubaoloc/backend/src/middleware/auth.middleware.ts:40:7\n    at processTicksAndRejections (node:internal/process/task_queues:105:5)","timestamp":"2024-12-25T09:00:04.042Z"}
{"level":"info","message":"SIGTERM received. Shutting down gracefully","timestamp":"2024-12-25T09:01:18.298Z"}
{"level":"info","message":"Process terminated","timestamp":"2024-12-25T09:01:18.298Z"}
{"level":"info","message":"Server running on port 4000","timestamp":"2024-12-25T09:03:17.995Z"}
{"level":"info","message":"Connected to MongoDB","timestamp":"2024-12-25T09:03:18.791Z"}
{"level":"info","message":"POST /api/auth/register - 2024-12-25T09:04:06.375Z","timestamp":"2024-12-25T09:04:06.375Z"}
{"level":"error","message":"Password must be at least 6 characters long, Password must contain at least one uppercase letter, one lowercase letter, one number and one special character","path":"/api/auth/register","stack":"Error: Password must be at least 6 characters long, Password must contain at least one uppercase letter, one lowercase letter, one number and one special character\n    at /Users/baolamabcd/Workspace/migaochubaoloc/backend/src/middleware/validate.middleware.ts:127:19\n    at Layer.handle [as handle_request] (/Users/baolamabcd/Workspace/migaochubaoloc/backend/node_modules/express/lib/router/layer.js:95:5)\n    at next (/Users/baolamabcd/Workspace/migaochubaoloc/backend/node_modules/express/lib/router/route.js:149:13)\n    at Route.dispatch (/Users/baolamabcd/Workspace/migaochubaoloc/backend/node_modules/express/lib/router/route.js:119:3)\n    at Layer.handle [as handle_request] (/Users/baolamabcd/Workspace/migaochubaoloc/backend/node_modules/express/lib/router/layer.js:95:5)\n    at /Users/baolamabcd/Workspace/migaochubaoloc/backend/node_modules/express/lib/router/index.js:284:15\n    at Function.process_params (/Users/baolamabcd/Workspace/migaochubaoloc/backend/node_modules/express/lib/router/index.js:346:12)\n    at next (/Users/baolamabcd/Workspace/migaochubaoloc/backend/node_modules/express/lib/router/index.js:280:10)\n    at Function.handle (/Users/baolamabcd/Workspace/migaochubaoloc/backend/node_modules/express/lib/router/index.js:175:3)\n    at router (/Users/baolamabcd/Workspace/migaochubaoloc/backend/node_modules/express/lib/router/index.js:47:12)","timestamp":"2024-12-25T09:04:06.381Z"}
{"level":"info","message":"POST /api/auth/register - 2024-12-25T09:04:12.924Z","timestamp":"2024-12-25T09:04:12.924Z"}
{"level":"error","message":"Password must contain at least one uppercase letter, one lowercase letter, one number and one special character, Passwords do not match","path":"/api/auth/register","stack":"Error: Password must contain at least one uppercase letter, one lowercase letter, one number and one special character, Passwords do not match\n    at /Users/baolamabcd/Workspace/migaochubaoloc/backend/src/middleware/validate.middleware.ts:127:19\n    at Layer.handle [as handle_request] (/Users/baolamabcd/Workspace/migaochubaoloc/backend/node_modules/express/lib/router/layer.js:95:5)\n    at next (/Users/baolamabcd/Workspace/migaochubaoloc/backend/node_modules/express/lib/router/route.js:149:13)\n    at Route.dispatch (/Users/baolamabcd/Workspace/migaochubaoloc/backend/node_modules/express/lib/router/route.js:119:3)\n    at Layer.handle [as handle_request] (/Users/baolamabcd/Workspace/migaochubaoloc/backend/node_modules/express/lib/router/layer.js:95:5)\n    at /Users/baolamabcd/Workspace/migaochubaoloc/backend/node_modules/express/lib/router/index.js:284:15\n    at Function.process_params (/Users/baolamabcd/Workspace/migaochubaoloc/backend/node_modules/express/lib/router/index.js:346:12)\n    at next (/Users/baolamabcd/Workspace/migaochubaoloc/backend/node_modules/express/lib/router/index.js:280:10)\n    at Function.handle (/Users/baolamabcd/Workspace/migaochubaoloc/backend/node_modules/express/lib/router/index.js:175:3)\n    at router (/Users/baolamabcd/Workspace/migaochubaoloc/backend/node_modules/express/lib/router/index.js:47:12)","timestamp":"2024-12-25T09:04:12.925Z"}
{"level":"info","message":"POST /api/auth/register - 2024-12-25T09:04:17.845Z","timestamp":"2024-12-25T09:04:17.845Z"}
{"level":"error","message":"Password must contain at least one uppercase letter, one lowercase letter, one number and one special character","path":"/api/auth/register","stack":"Error: Password must contain at least one uppercase letter, one lowercase letter, one number and one special character\n    at /Users/baolamabcd/Workspace/migaochubaoloc/backend/src/middleware/validate.middleware.ts:127:19\n    at Layer.handle [as handle_request] (/Users/baolamabcd/Workspace/migaochubaoloc/backend/node_modules/express/lib/router/layer.js:95:5)\n    at next (/Users/baolamabcd/Workspace/migaochubaoloc/backend/node_modules/express/lib/router/route.js:149:13)\n    at Route.dispatch (/Users/baolamabcd/Workspace/migaochubaoloc/backend/node_modules/express/lib/router/route.js:119:3)\n    at Layer.handle [as handle_request] (/Users/baolamabcd/Workspace/migaochubaoloc/backend/node_modules/express/lib/router/layer.js:95:5)\n    at /Users/baolamabcd/Workspace/migaochubaoloc/backend/node_modules/express/lib/router/index.js:284:15\n    at Function.process_params (/Users/baolamabcd/Workspace/migaochubaoloc/backend/node_modules/express/lib/router/index.js:346:12)\n    at next (/Users/baolamabcd/Workspace/migaochubaoloc/backend/node_modules/express/lib/router/index.js:280:10)\n    at Function.handle (/Users/baolamabcd/Workspace/migaochubaoloc/backend/node_modules/express/lib/router/index.js:175:3)\n    at router (/Users/baolamabcd/Workspace/migaochubaoloc/backend/node_modules/express/lib/router/index.js:47:12)","timestamp":"2024-12-25T09:04:17.846Z"}
{"level":"info","message":"POST /api/auth/register - 2024-12-25T09:04:26.146Z","timestamp":"2024-12-25T09:04:26.146Z"}
{"level":"info","message":"POST /api/auth/login - 2024-12-25T09:04:39.922Z","timestamp":"2024-12-25T09:04:39.922Z"}
{"level":"info","message":"User logged in successfully: ABC","timestamp":"2024-12-25T09:04:40.081Z"}
{"level":"info","message":"GET /api/auth/generate-invite - 2024-12-25T09:04:48.025Z","timestamp":"2024-12-25T09:04:48.025Z"}
{"level":"info","message":"New invite code generated: 98KN6153","timestamp":"2024-12-25T09:04:48.161Z"}
{"level":"info","message":"POST /api/auth/register - 2024-12-25T09:05:07.477Z","timestamp":"2024-12-25T09:05:07.477Z"}
{"level":"error","message":"Invite code is required for non-admin users","path":"/api/auth/register","stack":"Error: Invite code is required for non-admin users\n    at /Users/baolamabcd/Workspace/migaochubaoloc/backend/src/controllers/auth/auth.controller.ts:65:15\n    at processTicksAndRejections (node:internal/process/task_queues:105:5)","timestamp":"2024-12-25T09:05:07.658Z"}
{"level":"info","message":"POST /api/auth/register - 2024-12-25T09:05:17.605Z","timestamp":"2024-12-25T09:05:17.605Z"}
{"level":"info","message":"GET /api/admin/users - 2024-12-25T09:05:42.156Z","timestamp":"2024-12-25T09:05:42.157Z"}
{"level":"info","message":"POST /api/auth/reset-token - 2024-12-25T09:05:54.097Z","timestamp":"2024-12-25T09:05:54.097Z"}
{"level":"info","message":"Password reset token created for user: Editor","timestamp":"2024-12-25T09:05:54.227Z"}
{"level":"info","message":"DELETE /api/admin/users/2e7d789f336d001c72161afcef9abb6779f9511d8204a4e876dfea067a08f598 - 2024-12-25T09:06:16.909Z","timestamp":"2024-12-25T09:06:16.909Z"}
{"level":"error","message":"Auth middleware error: invalid signature","name":"JsonWebTokenError","stack":"JsonWebTokenError: invalid signature\n    at /Users/baolamabcd/Workspace/migaochubaoloc/backend/node_modules/jsonwebtoken/verify.js:171:19\n    at getSecret (/Users/baolamabcd/Workspace/migaochubaoloc/backend/node_modules/jsonwebtoken/verify.js:97:14)\n    at Object.module.exports [as verify] (/Users/baolamabcd/Workspace/migaochubaoloc/backend/node_modules/jsonwebtoken/verify.js:101:10)\n    at /Users/baolamabcd/Workspace/migaochubaoloc/backend/src/middleware/auth.middleware.ts:32:27\n    at /Users/baolamabcd/Workspace/migaochubaoloc/backend/src/utils/catchAsync.ts:5:21\n    at Layer.handle [as handle_request] (/Users/baolamabcd/Workspace/migaochubaoloc/backend/node_modules/express/lib/router/layer.js:95:5)\n    at trim_prefix (/Users/baolamabcd/Workspace/migaochubaoloc/backend/node_modules/express/lib/router/index.js:328:13)\n    at /Users/baolamabcd/Workspace/migaochubaoloc/backend/node_modules/express/lib/router/index.js:286:9\n    at Function.process_params (/Users/baolamabcd/Workspace/migaochubaoloc/backend/node_modules/express/lib/router/index.js:346:12)\n    at next (/Users/baolamabcd/Workspace/migaochubaoloc/backend/node_modules/express/lib/router/index.js:280:10)","timestamp":"2024-12-25T09:06:16.914Z"}
{"level":"error","message":"Not authorized to access this route","path":"/api/admin/users/2e7d789f336d001c72161afcef9abb6779f9511d8204a4e876dfea067a08f598","stack":"Error: Not authorized to access this route\n    at /Users/baolamabcd/Workspace/migaochubaoloc/backend/src/middleware/auth.middleware.ts:43:13\n    at /Users/baolamabcd/Workspace/migaochubaoloc/backend/src/utils/catchAsync.ts:5:21\n    at Layer.handle [as handle_request] (/Users/baolamabcd/Workspace/migaochubaoloc/backend/node_modules/express/lib/router/layer.js:95:5)\n    at trim_prefix (/Users/baolamabcd/Workspace/migaochubaoloc/backend/node_modules/express/lib/router/index.js:328:13)\n    at /Users/baolamabcd/Workspace/migaochubaoloc/backend/node_modules/express/lib/router/index.js:286:9\n    at Function.process_params (/Users/baolamabcd/Workspace/migaochubaoloc/backend/node_modules/express/lib/router/index.js:346:12)\n    at next (/Users/baolamabcd/Workspace/migaochubaoloc/backend/node_modules/express/lib/router/index.js:280:10)\n    at Function.handle (/Users/baolamabcd/Workspace/migaochubaoloc/backend/node_modules/express/lib/router/index.js:175:3)\n    at router (/Users/baolamabcd/Workspace/migaochubaoloc/backend/node_modules/express/lib/router/index.js:47:12)\n    at Layer.handle [as handle_request] (/Users/baolamabcd/Workspace/migaochubaoloc/backend/node_modules/express/lib/router/layer.js:95:5)","timestamp":"2024-12-25T09:06:16.916Z"}
{"level":"info","message":"DELETE /api/admin/users/2e7d789f336d001c72161afcef9abb6779f9511d8204a4e876dfea067a08f598 - 2024-12-25T09:06:34.579Z","timestamp":"2024-12-25T09:06:34.579Z"}
{"level":"info","message":"DELETE /api/admin/users/676bcacde81d9d0ad9dbc855 - 2024-12-25T09:06:46.938Z","timestamp":"2024-12-25T09:06:46.938Z"}
{"level":"info","message":"POST /api/auth/reset - 2024-12-25T09:07:14.585Z","timestamp":"2024-12-25T09:07:14.585Z"}
{"level":"error","message":"\"password\" is required, \"confirmPassword\" is required","path":"/api/auth/reset","stack":"Error: \"password\" is required, \"confirmPassword\" is required\n    at /Users/baolamabcd/Workspace/migaochubaoloc/backend/src/middleware/validate.middleware.ts:127:19\n    at Layer.handle [as handle_request] (/Users/baolamabcd/Workspace/migaochubaoloc/backend/node_modules/express/lib/router/layer.js:95:5)\n    at next (/Users/baolamabcd/Workspace/migaochubaoloc/backend/node_modules/express/lib/router/route.js:149:13)\n    at /Users/baolamabcd/Workspace/migaochubaoloc/backend/node_modules/express-rate-limit/dist/index.cjs:659:7\n    at processTicksAndRejections (node:internal/process/task_queues:105:5)\n    at /Users/baolamabcd/Workspace/migaochubaoloc/backend/node_modules/express-rate-limit/dist/index.cjs:576:5","timestamp":"2024-12-25T09:07:14.589Z"}
{"level":"info","message":"SIGTERM received. Shutting down gracefully","timestamp":"2024-12-25T09:08:05.383Z"}
{"level":"info","message":"Process terminated","timestamp":"2024-12-25T09:08:05.386Z"}
{"level":"info","message":"Server running on port 4000","timestamp":"2024-12-25T09:09:20.684Z"}
{"level":"info","message":"Connected to MongoDB","timestamp":"2024-12-25T09:09:21.510Z"}
{"level":"info","message":"POST /api/auth/reset - 2024-12-25T09:09:26.494Z","timestamp":"2024-12-25T09:09:26.495Z"}
{"level":"error","message":"Passwords do not match","path":"/api/auth/reset","stack":"Error: Passwords do not match\n    at /Users/baolamabcd/Workspace/migaochubaoloc/backend/src/middleware/validate.middleware.ts:127:19\n    at Layer.handle [as handle_request] (/Users/baolamabcd/Workspace/migaochubaoloc/backend/node_modules/express/lib/router/layer.js:95:5)\n    at next (/Users/baolamabcd/Workspace/migaochubaoloc/backend/node_modules/express/lib/router/route.js:149:13)\n    at /Users/baolamabcd/Workspace/migaochubaoloc/backend/node_modules/express-rate-limit/dist/index.cjs:659:7\n    at processTicksAndRejections (node:internal/process/task_queues:105:5)\n    at /Users/baolamabcd/Workspace/migaochubaoloc/backend/node_modules/express-rate-limit/dist/index.cjs:576:5","timestamp":"2024-12-25T09:09:26.505Z"}
{"level":"info","message":"POST /api/auth/reset - 2024-12-25T09:09:31.446Z","timestamp":"2024-12-25T09:09:31.446Z"}
{"isOperational":true,"level":"error","message":"Password reset error: Invalid or expired reset token","stack":"Error: Invalid or expired reset token\n    at /Users/baolamabcd/Workspace/migaochubaoloc/backend/src/controllers/auth/password.controller.ts:59:13\n    at processTicksAndRejections (node:internal/process/task_queues:105:5)","status":"fail","statusCode":400,"timestamp":"2024-12-25T09:09:31.518Z"}
{"level":"error","message":"Password reset failed","path":"/api/auth/reset","stack":"Error: Password reset failed\n    at /Users/baolamabcd/Workspace/migaochubaoloc/backend/src/controllers/auth/password.controller.ts:75:11\n    at processTicksAndRejections (node:internal/process/task_queues:105:5)","timestamp":"2024-12-25T09:09:31.519Z"}
{"level":"info","message":"POST /api/auth/reset-token - 2024-12-25T09:09:46.985Z","timestamp":"2024-12-25T09:09:46.985Z"}
{"level":"info","message":"Password reset token created for user: Editor","timestamp":"2024-12-25T09:09:47.118Z"}
{"level":"info","message":"POST /api/auth/reset - 2024-12-25T09:09:57.959Z","timestamp":"2024-12-25T09:09:57.959Z"}
{"level":"info","message":"GET /api/admin/invite-codes - 2024-12-25T09:10:16.515Z","timestamp":"2024-12-25T09:10:16.515Z"}
{"level":"info","message":"POST /api/auth/register - 2024-12-25T09:11:14.758Z","timestamp":"2024-12-25T09:11:14.758Z"}
{"level":"info","message":"POST /api/auth/login - 2024-12-25T09:11:37.605Z","timestamp":"2024-12-25T09:11:37.605Z"}
{"level":"error","message":"Invalid username or password","path":"/api/auth/login","stack":"Error: Invalid username or password\n    at /Users/baolamabcd/Workspace/migaochubaoloc/backend/src/controllers/auth/auth.controller.ts:133:11","timestamp":"2024-12-25T09:11:37.759Z"}
{"level":"info","message":"POST /api/auth/login - 2024-12-25T09:11:41.032Z","timestamp":"2024-12-25T09:11:41.032Z"}
{"level":"info","message":"User logged in successfully: Admin","timestamp":"2024-12-25T09:11:41.192Z"}
{"level":"info","message":"GET /api/auth/generate-invite - 2024-12-25T09:11:51.695Z","timestamp":"2024-12-25T09:11:51.695Z"}
{"level":"info","message":"New invite code generated: 630CXJTW","timestamp":"2024-12-25T09:11:51.832Z"}
{"level":"info","message":"POST /api/auth/register - 2024-12-25T09:12:06.048Z","timestamp":"2024-12-25T09:12:06.048Z"}
{"level":"error","message":"Passwords do not match","path":"/api/auth/register","stack":"Error: Passwords do not match\n    at /Users/baolamabcd/Workspace/migaochubaoloc/backend/src/middleware/validate.middleware.ts:127:19\n    at Layer.handle [as handle_request] (/Users/baolamabcd/Workspace/migaochubaoloc/backend/node_modules/express/lib/router/layer.js:95:5)\n    at next (/Users/baolamabcd/Workspace/migaochubaoloc/backend/node_modules/express/lib/router/route.js:149:13)\n    at Route.dispatch (/Users/baolamabcd/Workspace/migaochubaoloc/backend/node_modules/express/lib/router/route.js:119:3)\n    at Layer.handle [as handle_request] (/Users/baolamabcd/Workspace/migaochubaoloc/backend/node_modules/express/lib/router/layer.js:95:5)\n    at /Users/baolamabcd/Workspace/migaochubaoloc/backend/node_modules/express/lib/router/index.js:284:15\n    at Function.process_params (/Users/baolamabcd/Workspace/migaochubaoloc/backend/node_modules/express/lib/router/index.js:346:12)\n    at next (/Users/baolamabcd/Workspace/migaochubaoloc/backend/node_modules/express/lib/router/index.js:280:10)\n    at Function.handle (/Users/baolamabcd/Workspace/migaochubaoloc/backend/node_modules/express/lib/router/index.js:175:3)\n    at router (/Users/baolamabcd/Workspace/migaochubaoloc/backend/node_modules/express/lib/router/index.js:47:12)","timestamp":"2024-12-25T09:12:06.051Z"}
{"level":"info","message":"POST /api/auth/register - 2024-12-25T09:12:10.844Z","timestamp":"2024-12-25T09:12:10.844Z"}
{"level":"error","message":"Invite code is required for non-admin users","path":"/api/auth/register","stack":"Error: Invite code is required for non-admin users\n    at /Users/baolamabcd/Workspace/migaochubaoloc/backend/src/controllers/auth/auth.controller.ts:65:15\n    at processTicksAndRejections (node:internal/process/task_queues:105:5)","timestamp":"2024-12-25T09:12:11.023Z"}
{"level":"info","message":"POST /api/auth/register - 2024-12-25T09:12:22.406Z","timestamp":"2024-12-25T09:12:22.406Z"}
{"level":"info","message":"POST /api/auth/reset-token - 2024-12-25T09:12:36.221Z","timestamp":"2024-12-25T09:12:36.221Z"}
{"level":"info","message":"GET /api/admin/invite-codes - 2024-12-25T09:16:08.562Z","timestamp":"2024-12-25T09:16:08.562Z"}
{"level":"info","message":"GET /api/auth/generate-invite - 2024-12-25T09:16:18.434Z","timestamp":"2024-12-25T09:16:18.434Z"}
{"level":"info","message":"New invite code generated: URXIGAOU","timestamp":"2024-12-25T09:16:18.555Z"}
{"level":"info","message":"GET /api/admin/invite-codes - 2024-12-25T09:16:21.004Z","timestamp":"2024-12-25T09:16:21.004Z"}
{"level":"info","message":"GET /api/admin/invite-codes/stats - 2024-12-25T09:16:30.285Z","timestamp":"2024-12-25T09:16:30.285Z"}
{"level":"info","message":"PUT /api/admin/invite-codes/676bcd622e4e8dfdb5bdb23d/invalidate - 2024-12-25T09:16:56.461Z","timestamp":"2024-12-25T09:16:56.461Z"}
{"level":"info","message":"GET /api/admin/users - 2024-12-25T09:17:41.671Z","timestamp":"2024-12-25T09:17:41.671Z"}
{"level":"info","message":"POST /api/auth/reset-token - 2024-12-25T09:17:50.298Z","timestamp":"2024-12-25T09:17:50.298Z"}
{"level":"info","message":"SIGTERM received. Shutting down gracefully","timestamp":"2024-12-25T09:19:19.746Z"}
{"level":"info","message":"Process terminated","timestamp":"2024-12-25T09:19:19.748Z"}
{"level":"info","message":"Server running on port 4000","timestamp":"2024-12-25T09:20:20.548Z"}
{"level":"info","message":"Connected to MongoDB","timestamp":"2024-12-25T09:20:21.490Z"}
{"level":"info","message":"POST /api/auth/reset-token - 2024-12-25T09:20:22.391Z","timestamp":"2024-12-25T09:20:22.391Z"}
{"level":"info","message":"Password reset token created for user: Editor","timestamp":"2024-12-25T09:20:22.547Z"}
{"level":"info","message":"POST /api/auth/reset - 2024-12-25T09:20:32.130Z","timestamp":"2024-12-25T09:20:32.131Z"}
{"isOperational":true,"level":"error","message":"Password reset error: Invalid or expired reset token","stack":"Error: Invalid or expired reset token\n    at /Users/baolamabcd/Workspace/migaochubaoloc/backend/src/controllers/auth/password.controller.ts:59:13\n    at processTicksAndRejections (node:internal/process/task_queues:105:5)","status":"fail","statusCode":400,"timestamp":"2024-12-25T09:20:32.196Z"}
{"level":"error","message":"Password reset failed","path":"/api/auth/reset","stack":"Error: Password reset failed\n    at /Users/baolamabcd/Workspace/migaochubaoloc/backend/src/controllers/auth/password.controller.ts:75:11\n    at processTicksAndRejections (node:internal/process/task_queues:105:5)","timestamp":"2024-12-25T09:20:32.197Z"}
{"level":"info","message":"POST /api/auth/reset - 2024-12-25T09:20:47.819Z","timestamp":"2024-12-25T09:20:47.819Z"}
{"isOperational":true,"level":"error","message":"Password reset error: Invalid or expired reset token","stack":"Error: Invalid or expired reset token\n    at /Users/baolamabcd/Workspace/migaochubaoloc/backend/src/controllers/auth/password.controller.ts:59:13\n    at processTicksAndRejections (node:internal/process/task_queues:105:5)","status":"fail","statusCode":400,"timestamp":"2024-12-25T09:20:47.878Z"}
{"level":"error","message":"Password reset failed","path":"/api/auth/reset","stack":"Error: Password reset failed\n    at /Users/baolamabcd/Workspace/migaochubaoloc/backend/src/controllers/auth/password.controller.ts:75:11\n    at processTicksAndRejections (node:internal/process/task_queues:105:5)","timestamp":"2024-12-25T09:20:47.878Z"}
{"level":"info","message":"SIGTERM received. Shutting down gracefully","timestamp":"2024-12-25T09:21:32.211Z"}
{"level":"info","message":"Process terminated","timestamp":"2024-12-25T09:21:32.211Z"}
{"level":"info","message":"Server running on port 4000","timestamp":"2024-12-25T09:21:47.347Z"}
{"level":"info","message":"Connected to MongoDB","timestamp":"2024-12-25T09:21:48.183Z"}
{"level":"info","message":"POST /api/auth/reset-token - 2024-12-25T09:21:54.490Z","timestamp":"2024-12-25T09:21:54.490Z"}
{"level":"info","message":"Password reset token created for user: Editor","timestamp":"2024-12-25T09:21:54.619Z"}
{"level":"info","message":"POST /api/auth/reset - 2024-12-25T09:22:00.989Z","timestamp":"2024-12-25T09:22:00.989Z"}
{"level":"info","message":"Attempting password reset with token","timestamp":"2024-12-25T09:22:00.992Z"}
{"level":"info","message":"Password reset successful for user: Editor","timestamp":"2024-12-25T09:22:01.216Z"}
{"level":"info","message":"GET /api/admin/invite-codes/stats - 2024-12-25T09:22:16.443Z","timestamp":"2024-12-25T09:22:16.444Z"}
{"level":"info","message":"GET /api/admin/invite-codes - 2024-12-25T09:22:19.428Z","timestamp":"2024-12-25T09:22:19.428Z"}
{"level":"info","message":"GET /api/admin/users - 2024-12-25T09:22:29.490Z","timestamp":"2024-12-25T09:22:29.490Z"}
{"level":"info","message":"DELETE /api/admin/users/676bcc762e4e8dfdb5bdb238 - 2024-12-25T09:22:46.797Z","timestamp":"2024-12-25T09:22:46.797Z"}
{"level":"info","message":"SIGTERM received. Shutting down gracefully","timestamp":"2024-12-25T09:24:28.661Z"}
{"level":"info","message":"Process terminated","timestamp":"2024-12-25T09:24:28.662Z"}
{"level":"info","message":"Server running on port 4000","timestamp":"2024-12-25T09:24:41.482Z"}
{"level":"info","message":"Connected to MongoDB","timestamp":"2024-12-25T09:24:42.320Z"}
{"level":"info","message":"DELETE /api/admin/users/676bcc762e4e8dfdb5bdb238 - 2024-12-25T09:24:43.432Z","timestamp":"2024-12-25T09:24:43.432Z"}
{"level":"info","message":"User deleted successfully: 676bcc762e4e8dfdb5bdb238","timestamp":"2024-12-25T09:24:43.672Z"}
{"level":"info","message":"GET /api/admin/users - 2024-12-25T09:24:47.216Z","timestamp":"2024-12-25T09:24:47.216Z"}
{"level":"info","message":"POST /api/auth/logout - 2024-12-25T09:25:07.140Z","timestamp":"2024-12-25T09:25:07.140Z"}
{"level":"error","message":"Auth middleware error: invalid signature","name":"JsonWebTokenError","stack":"JsonWebTokenError: invalid signature\n    at /Users/baolamabcd/Workspace/migaochubaoloc/backend/node_modules/jsonwebtoken/verify.js:171:19\n    at getSecret (/Users/baolamabcd/Workspace/migaochubaoloc/backend/node_modules/jsonwebtoken/verify.js:97:14)\n    at Object.module.exports [as verify] (/Users/baolamabcd/Workspace/migaochubaoloc/backend/node_modules/jsonwebtoken/verify.js:101:10)\n    at /Users/baolamabcd/Workspace/migaochubaoloc/backend/src/middleware/auth.middleware.ts:35:27\n    at processTicksAndRejections (node:internal/process/task_queues:105:5)","timestamp":"2024-12-25T09:25:07.196Z"}
{"level":"error","message":"Not authorized to access this route","path":"/api/auth/logout","stack":"Error: Not authorized to access this route\n    at /Users/baolamabcd/Workspace/migaochubaoloc/backend/src/middleware/auth.middleware.ts:47:13\n    at processTicksAndRejections (node:internal/process/task_queues:105:5)","timestamp":"2024-12-25T09:25:07.197Z"}
{"level":"info","message":"POST /api/auth/login - 2024-12-25T09:25:10.370Z","timestamp":"2024-12-25T09:25:10.370Z"}
{"level":"info","message":"User logged in successfully: Admin","timestamp":"2024-12-25T09:25:10.520Z"}
{"level":"info","message":"POST /api/auth/logout - 2024-12-25T09:25:13.002Z","timestamp":"2024-12-25T09:25:13.002Z"}
{"level":"error","message":"Auth middleware error: invalid signature","name":"JsonWebTokenError","stack":"JsonWebTokenError: invalid signature\n    at /Users/baolamabcd/Workspace/migaochubaoloc/backend/node_modules/jsonwebtoken/verify.js:171:19\n    at getSecret (/Users/baolamabcd/Workspace/migaochubaoloc/backend/node_modules/jsonwebtoken/verify.js:97:14)\n    at Object.module.exports [as verify] (/Users/baolamabcd/Workspace/migaochubaoloc/backend/node_modules/jsonwebtoken/verify.js:101:10)\n    at /Users/baolamabcd/Workspace/migaochubaoloc/backend/src/middleware/auth.middleware.ts:35:27\n    at processTicksAndRejections (node:internal/process/task_queues:105:5)","timestamp":"2024-12-25T09:25:13.062Z"}
{"level":"error","message":"Not authorized to access this route","path":"/api/auth/logout","stack":"Error: Not authorized to access this route\n    at /Users/baolamabcd/Workspace/migaochubaoloc/backend/src/middleware/auth.middleware.ts:47:13\n    at processTicksAndRejections (node:internal/process/task_queues:105:5)","timestamp":"2024-12-25T09:25:13.063Z"}
{"level":"info","message":"POST /api/auth/logout - 2024-12-25T09:25:26.665Z","timestamp":"2024-12-25T09:25:26.665Z"}
{"level":"info","message":"User logged out successfully","timestamp":"2024-12-25T09:25:26.856Z"}
{"level":"info","message":"GET /api/auth/generate-invite - 2024-12-25T09:25:36.453Z","timestamp":"2024-12-25T09:25:36.453Z"}
{"isOperational":true,"level":"error","message":"Auth middleware error: Token is no longer valid","stack":"Error: Token is no longer valid\n    at /Users/baolamabcd/Workspace/migaochubaoloc/backend/src/middleware/auth.middleware.ts:31:15\n    at processTicksAndRejections (node:internal/process/task_queues:105:5)","status":"fail","statusCode":401,"timestamp":"2024-12-25T09:25:36.511Z"}
{"level":"error","message":"Not authorized to access this route","path":"/api/auth/generate-invite","stack":"Error: Not authorized to access this route\n    at /Users/baolamabcd/Workspace/migaochubaoloc/backend/src/middleware/auth.middleware.ts:47:13\n    at processTicksAndRejections (node:internal/process/task_queues:105:5)","timestamp":"2024-12-25T09:25:36.512Z"}
{"level":"info","message":"Server running on port 4000","timestamp":"2024-12-25T09:26:04.760Z"}
{"level":"info","message":"Connected to MongoDB","timestamp":"2024-12-25T09:26:05.589Z"}
